Unity Editor version:    2020.3.20f1 (41c4e627c95f)
Branch:                  2020.3/staging
Build type:              Release
Batch mode:              YES
macOS version:           Version 10.15.7 (Build 19H15)
Darwin version:          19.6.0
Architecture:            x86_64
Running under Rosetta:   NO
Available memory:        8192 MB
Using pre-set license
Pro License: NO

COMMAND LINE ARGUMENTS:
/Users/jiangliansong/Documents/Unity/2020.3.20f1/Unity.app/Contents/MacOS/Unity
-adb2
-batchMode
-noUpm
-name
AssetImportWorker0
-projectPath
/Users/jiangliansong/Documents/Unity/Unity2D/GoldenMiner
-logFile
Logs/AssetImportWorker0.log
-srvPort
64780
Successfully changed project path to: /Users/jiangliansong/Documents/Unity/Unity2D/GoldenMiner
/Users/jiangliansong/Documents/Unity/Unity2D/GoldenMiner
Using Asset Import Pipeline V2.
Refreshing native plugins compatible for Editor in 73.32 ms, found 3 plugins.
Preloading 0 native plugins for Editor in 0.00 ms.
Initialize engine version: 2020.3.20f1 (41c4e627c95f)
[Subsystems] Discovering subsystems at path /Users/jiangliansong/Documents/Unity/2020.3.20f1/Unity.app/Contents/Resources/UnitySubsystems
[Subsystems] Discovering subsystems at path /Users/jiangliansong/Documents/Unity/Unity2D/GoldenMiner/Assets
GfxDevice: creating device client; threaded=0
2021-10-27 19:07:08.944 Unity[71268:6112923] Color LCD preferred device: Intel(R) Iris(TM) Graphics 6100 (low power)
2021-10-27 19:07:08.944 Unity[71268:6112923] Metal devices available: 1
2021-10-27 19:07:08.944 Unity[71268:6112923] 0: Intel(R) Iris(TM) Graphics 6100 (low power)
2021-10-27 19:07:08.945 Unity[71268:6112923] Using device Intel(R) Iris(TM) Graphics 6100 (low power)
Initializing Metal device caps: Intel(R) Iris(TM) Graphics 6100
Initialize mono
Mono path[0] = '/Users/jiangliansong/Documents/Unity/2020.3.20f1/Unity.app/Contents/Managed'
Mono path[1] = '/Users/jiangliansong/Documents/Unity/2020.3.20f1/Unity.app/Contents/MonoBleedingEdge/lib/mono/unityjit'
Mono config path = '/Users/jiangliansong/Documents/Unity/2020.3.20f1/Unity.app/Contents/MonoBleedingEdge/etc'
Using monoOptions --debugger-agent=transport=dt_socket,embedding=1,server=y,suspend=n,address=127.0.0.1:56268
Begin MonoManager ReloadAssembly
Registering precompiled unity dll's ...
Register platform support module: /Users/jiangliansong/Documents/Unity/2020.3.20f1/Unity.app/Contents/PlaybackEngines/MacStandaloneSupport/UnityEditor.OSXStandalone.Extensions.dll
Registered in 0.002423 seconds.
Native extension for OSXStandalone target not found
Refreshing native plugins compatible for Editor in 72.24 ms, found 3 plugins.
Preloading 0 native plugins for Editor in 0.00 ms.
Mono: successfully reloaded assembly
- Completed reload, in  2.338 seconds
Domain Reload Profiling:
	ReloadAssembly (2339ms)
		BeginReloadAssembly (68ms)
			ExecutionOrderSort (0ms)
			DisableScriptedObjects (0ms)
			BackupInstance (0ms)
			ReleaseScriptingObjects (0ms)
			CreateAndSetChildDomain (1ms)
		EndReloadAssembly (793ms)
			LoadAssemblies (68ms)
			RebuildTransferFunctionScriptingTraits (0ms)
			SetupTypeCache (257ms)
			ReleaseScriptCaches (0ms)
			RebuildScriptCaches (107ms)
			SetupLoadedEditorAssemblies (335ms)
				LogAssemblyErrors (0ms)
				InitializePlatformSupportModulesInManaged (10ms)
				SetLoadedEditorAssemblies (0ms)
				RefreshPlugins (72ms)
				BeforeProcessingInitializeOnLoad (53ms)
				ProcessInitializeOnLoadAttributes (155ms)
				ProcessInitializeOnLoadMethodAttributes (43ms)
				AfterProcessingInitializeOnLoad (0ms)
				EditorAssembliesLoaded (0ms)
			ExecutionOrderSort2 (0ms)
			AwakeInstancesAfterBackupRestoration (0ms)
Platform modules already initialized, skipping
Registering precompiled user dll's ...
Registered in 0.004297 seconds.
Begin MonoManager ReloadAssembly
Native extension for OSXStandalone target not found
Refreshing native plugins compatible for Editor in 54.87 ms, found 3 plugins.
Preloading 0 native plugins for Editor in 0.00 ms.
Mono: successfully reloaded assembly
- Completed reload, in  1.953 seconds
Domain Reload Profiling:
	ReloadAssembly (1956ms)
		BeginReloadAssembly (233ms)
			ExecutionOrderSort (0ms)
			DisableScriptedObjects (7ms)
			BackupInstance (0ms)
			ReleaseScriptingObjects (0ms)
			CreateAndSetChildDomain (51ms)
		EndReloadAssembly (1619ms)
			LoadAssemblies (172ms)
			RebuildTransferFunctionScriptingTraits (0ms)
			SetupTypeCache (545ms)
			ReleaseScriptCaches (1ms)
			RebuildScriptCaches (106ms)
			SetupLoadedEditorAssemblies (571ms)
				LogAssemblyErrors (0ms)
				InitializePlatformSupportModulesInManaged (6ms)
				SetLoadedEditorAssemblies (0ms)
				RefreshPlugins (55ms)
				BeforeProcessingInitializeOnLoad (108ms)
				ProcessInitializeOnLoadAttributes (380ms)
				ProcessInitializeOnLoadMethodAttributes (21ms)
				AfterProcessingInitializeOnLoad (2ms)
				EditorAssembliesLoaded (0ms)
			ExecutionOrderSort2 (0ms)
			AwakeInstancesAfterBackupRestoration (10ms)
Platform modules already initialized, skipping
Validating Project structure ... 0.000635 seconds.
Shader import version has changed; will reimport all shaders...
Upgrading shader files ...0.000761 seconds.
Application.AssetDatabase Initial Script Refresh Start
RefreshInfo: InitialScriptRefreshV2(NoUpdateAssetOptions) scanfilter:  ... 1 filters
RefreshProfiler: Total: 0.000ms
Application.AssetDatabase Initial Script Refresh End
Application.AssetDatabase.Refresh Start
Application.AssetDatabase.Refresh End
RefreshInfo: StopAssetImportingV2(ForceSynchronousImport) scanfilter: 
RefreshProfiler: Total: 0.000ms
Launching external process: /Users/jiangliansong/Documents/Unity/2020.3.20f1/Unity.app/Contents/Tools/UnityShaderCompiler
Launched and connected shader compiler UnityShaderCompiler after 0.02 seconds
Initializing Unity extensions:
========================================================================
Worker process is ready to serve import requests
Refreshing native plugins compatible for Editor in 0.49 ms, found 3 plugins.
Preloading 0 native plugins for Editor in 0.00 ms.
Unloading 2094 Unused Serialized files (Serialized files now loaded: 0)
System memory in use before: 197.5 MB.
System memory in use after: 196.7 MB.

Unloading 99 unused Assets to reduce memory usage. Loaded Objects now: 2573.
Total: 4.427220 ms (FindLiveObjects: 0.259304 ms CreateObjectMapping: 0.078700 ms MarkObjects: 3.483823 ms  DeleteObjects: 0.604147 ms)

AssetImportParameters requested are different than current active one (requested -> active):
  custom:video-decoder-ogg-theora: a1e56fd34408186e4bbccfd4996cb3dc -> 
  custom:container-muxer-webm: aa71ff27fc2769a1b78a27578f13a17b -> 
  custom:container-demuxer-webm: 4f35f7cbe854078d1ac9338744f61a02 -> 
  custom:container-demuxer-ogg: 62fdf1f143b41e24485cea50d1cbac27 -> 
  custom:video-encoder-webm-vp8: eb34c28f22e8b96e1ab97ce403110664 -> 
  custom:framework-osx-AVFoundation: b23960f63f64bdc6ff669e2cdcee2391 -> 
  custom:video-decoder-webm-vp8: 9c59270c3fd7afecdb556c50c9e8de78 -> 
  custom:audio-decoder-ogg-vorbis: bf7c407c2cedff20999df2af8eb42d56 -> 
  custom:audio-encoder-webm-vorbis: bf7c407c2cedff20999df2af8eb42d56 -> 
========================================================================
Received Import Request.
  path: Assets/DataFile/黄金矿工2005-20.png
  artifactKey: Guid(8adb723e69a47534f9e24f275c4e9c33) Importer(815301076,1909f56bfc062723c751e8b465ee728b)
Start importing Assets/DataFile/黄金矿工2005-20.png using Guid(8adb723e69a47534f9e24f275c4e9c33) Importer(815301076,1909f56bfc062723c751e8b465ee728b)  -> (artifact id: '3457e13bc2cb1ba5179bdbcedac6bdf5') in 0.608979 seconds 
  Import took 0.615369 seconds .

========================================================================
Received Import Request.
  Time since last request: 0.008646 seconds.
  path: Assets/DataFile/黄金矿工2005-9.jpg
  artifactKey: Guid(c15f6655fdf9d3f42ab6fc251dae4cba) Importer(815301076,1909f56bfc062723c751e8b465ee728b)
Start importing Assets/DataFile/黄金矿工2005-9.jpg using Guid(c15f6655fdf9d3f42ab6fc251dae4cba) Importer(815301076,1909f56bfc062723c751e8b465ee728b)  -> (artifact id: 'f40d1cb54d74359782ba7d3c408a9855') in 0.488291 seconds 
  Import took 0.493773 seconds .

========================================================================
Received Import Request.
  Time since last request: 0.006164 seconds.
  path: Assets/DataFile/黄金矿工2005-11.mp3
  artifactKey: Guid(29189a45454ddee4a90e400dcdfa9b8b) Importer(815301076,1909f56bfc062723c751e8b465ee728b)
Start importing Assets/DataFile/黄金矿工2005-11.mp3 using Guid(29189a45454ddee4a90e400dcdfa9b8b) Importer(815301076,1909f56bfc062723c751e8b465ee728b)  -> (artifact id: '5bb42abf0cd7d9d9eb8d2071a35b36d5') in 0.512149 seconds 
  Import took 0.518236 seconds .

========================================================================
Received Import Request.
  Time since last request: 0.006801 seconds.
  path: Assets/DataFile/黄金矿工2005-7.mp3
  artifactKey: Guid(d5cbc5367f931ee4ba992d3f89d19532) Importer(815301076,1909f56bfc062723c751e8b465ee728b)
Start importing Assets/DataFile/黄金矿工2005-7.mp3 using Guid(d5cbc5367f931ee4ba992d3f89d19532) Importer(815301076,1909f56bfc062723c751e8b465ee728b)  -> (artifact id: '70485e2f6610db8b3ef15ef8b0c797e0') in 0.024347 seconds 
  Import took 0.031386 seconds .

========================================================================
Received Import Request.
  Time since last request: 0.000370 seconds.
  path: Assets/DataFile/黄金矿工2005-10.png
  artifactKey: Guid(0e775419495c32746ad1843f88fe6474) Importer(815301076,1909f56bfc062723c751e8b465ee728b)
Start importing Assets/DataFile/黄金矿工2005-10.png using Guid(0e775419495c32746ad1843f88fe6474) Importer(815301076,1909f56bfc062723c751e8b465ee728b)  -> (artifact id: '618fe5f2ab76e38bb388dcaa7b533035') in 0.033580 seconds 
  Import took 0.038156 seconds .

========================================================================
Received Import Request.
  Time since last request: 0.000357 seconds.
  path: Assets/DataFile/黄金矿工2005-15.png
  artifactKey: Guid(e60e8812b5ddf554c9c67ba8b8f17955) Importer(815301076,1909f56bfc062723c751e8b465ee728b)
Start importing Assets/DataFile/黄金矿工2005-15.png using Guid(e60e8812b5ddf554c9c67ba8b8f17955) Importer(815301076,1909f56bfc062723c751e8b465ee728b)  -> (artifact id: '0efd2645ad1ebb5ccc421606c0a6b372') in 0.016151 seconds 
  Import took 0.024463 seconds .

========================================================================
Received Import Request.
  Time since last request: 0.000328 seconds.
  path: Assets/DataFile/黄金矿工2005-11.png
  artifactKey: Guid(775c3151964507a4dab9644013da8446) Importer(815301076,1909f56bfc062723c751e8b465ee728b)
Start importing Assets/DataFile/黄金矿工2005-11.png using Guid(775c3151964507a4dab9644013da8446) Importer(815301076,1909f56bfc062723c751e8b465ee728b)  -> (artifact id: 'b3d5b4555814c7028d78e49d9e50235c') in 0.038485 seconds 
  Import took 0.049532 seconds .

========================================================================
Received Import Request.
  Time since last request: 0.000329 seconds.
  path: Assets/DataFile/QQ截图20190419141222.jpg
  artifactKey: Guid(554caa3e7d776794eb8a6c662f978388) Importer(815301076,1909f56bfc062723c751e8b465ee728b)
Start importing Assets/DataFile/QQ截图20190419141222.jpg using Guid(554caa3e7d776794eb8a6c662f978388) Importer(815301076,1909f56bfc062723c751e8b465ee728b)  -> (artifact id: '64024ddcea11852f28e6701bee73fc95') in 0.048514 seconds 
  Import took 0.065099 seconds .

========================================================================
Received Import Request.
  Time since last request: 0.000570 seconds.
  path: Assets/DataFile/黄金矿工2005-12.mp3
  artifactKey: Guid(af10e50364582434fbf889a295271ea8) Importer(815301076,1909f56bfc062723c751e8b465ee728b)
Start importing Assets/DataFile/黄金矿工2005-12.mp3 using Guid(af10e50364582434fbf889a295271ea8) Importer(815301076,1909f56bfc062723c751e8b465ee728b)  -> (artifact id: 'ad2576533c15532568da7d8e52f1c19d') in 0.018802 seconds 
  Import took 0.026764 seconds .

========================================================================
Received Import Request.
  Time since last request: 0.000484 seconds.
  path: Assets/DataFile/黄金矿工2005-16.png
  artifactKey: Guid(1f6edd75af03c1d418e3dd9dd0e0afa4) Importer(815301076,1909f56bfc062723c751e8b465ee728b)
Start importing Assets/DataFile/黄金矿工2005-16.png using Guid(1f6edd75af03c1d418e3dd9dd0e0afa4) Importer(815301076,1909f56bfc062723c751e8b465ee728b)  -> (artifact id: 'fa88888342d83721e96a9d7706a7d921') in 0.046695 seconds 
  Import took 0.054430 seconds .

========================================================================
Received Import Request.
  Time since last request: 0.000381 seconds.
  path: Assets/DataFile/黄金矿工2005-21.png
  artifactKey: Guid(7a97cc1189e66ea49a244add9f862eb0) Importer(815301076,1909f56bfc062723c751e8b465ee728b)
Start importing Assets/DataFile/黄金矿工2005-21.png using Guid(7a97cc1189e66ea49a244add9f862eb0) Importer(815301076,1909f56bfc062723c751e8b465ee728b)  -> (artifact id: '4c3a3fad7a2fa2918e92ed8d40ab1038') in 0.025937 seconds 
  Import took 0.044823 seconds .

========================================================================
Received Import Request.
  Time since last request: 0.000809 seconds.
  path: Assets/DataFile/黄金矿工2005-13.png
  artifactKey: Guid(208fbca559737b44d8ddcc028909d6e6) Importer(815301076,1909f56bfc062723c751e8b465ee728b)
Start importing Assets/DataFile/黄金矿工2005-13.png using Guid(208fbca559737b44d8ddcc028909d6e6) Importer(815301076,1909f56bfc062723c751e8b465ee728b)  -> (artifact id: '8feafb094bc139579ec5780aeb055ced') in 0.039653 seconds 
  Import took 0.049502 seconds .

========================================================================
Received Import Request.
  Time since last request: 0.002743 seconds.
  path: Assets/DataFile/黄金矿工2005-19.png
  artifactKey: Guid(a71012b2a9fcd6f4d85508f548b2c1da) Importer(815301076,1909f56bfc062723c751e8b465ee728b)
Start importing Assets/DataFile/黄金矿工2005-19.png using Guid(a71012b2a9fcd6f4d85508f548b2c1da) Importer(815301076,1909f56bfc062723c751e8b465ee728b)  -> (artifact id: 'dff101df06710e8dade7b2896fd7eb9e') in 0.032523 seconds 
  Import took 0.047733 seconds .

========================================================================
Received Import Request.
  Time since last request: 0.003113 seconds.
  path: Assets/DataFile/黄金矿工2005-3.mp3
  artifactKey: Guid(bf6995a20ea8cfc4b9435994ff55ef39) Importer(815301076,1909f56bfc062723c751e8b465ee728b)
Start importing Assets/DataFile/黄金矿工2005-3.mp3 using Guid(bf6995a20ea8cfc4b9435994ff55ef39) Importer(815301076,1909f56bfc062723c751e8b465ee728b)  -> (artifact id: '19e1a0502d16bbc42c41126dc19e3866') in 0.021537 seconds 
  Import took 0.031805 seconds .

========================================================================
Received Import Request.
  Time since last request: 0.000384 seconds.
  path: Assets/DataFile/未标题-1.png
  artifactKey: Guid(f1f5f801d06bd344482d59d4e014aac6) Importer(815301076,1909f56bfc062723c751e8b465ee728b)
Start importing Assets/DataFile/未标题-1.png using Guid(f1f5f801d06bd344482d59d4e014aac6) Importer(815301076,1909f56bfc062723c751e8b465ee728b)  -> (artifact id: '2cdf3ad41b060316adad98457e232554') in 0.017098 seconds 
  Import took 0.031790 seconds .

========================================================================
Received Import Request.
  Time since last request: 0.002731 seconds.
  path: Assets/DataFile/黄金矿工2005-1.mp3
  artifactKey: Guid(bf3a5ab5edec4064bb6e1c116894a307) Importer(815301076,1909f56bfc062723c751e8b465ee728b)
Start importing Assets/DataFile/黄金矿工2005-1.mp3 using Guid(bf3a5ab5edec4064bb6e1c116894a307) Importer(815301076,1909f56bfc062723c751e8b465ee728b)  -> (artifact id: '95e6673880ed718403a8cf0242333754') in 0.029335 seconds 
  Import took 0.038429 seconds .

========================================================================
Received Import Request.
  Time since last request: 0.000335 seconds.
  path: Assets/DataFile/黄金矿工2005-22.png
  artifactKey: Guid(5538e1365af635f4c80e0998e1caee0a) Importer(815301076,1909f56bfc062723c751e8b465ee728b)
Start importing Assets/DataFile/黄金矿工2005-22.png using Guid(5538e1365af635f4c80e0998e1caee0a) Importer(815301076,1909f56bfc062723c751e8b465ee728b)  -> (artifact id: '007096847faa8d56b26b2051a9a6b1a5') in 0.040048 seconds 
  Import took 0.046489 seconds .

========================================================================
Received Import Request.
  Time since last request: 0.000430 seconds.
  path: Assets/DataFile/黄金矿工2005-18.png
  artifactKey: Guid(05cf5ebb564f72d40a07dd60c774d516) Importer(815301076,1909f56bfc062723c751e8b465ee728b)
Start importing Assets/DataFile/黄金矿工2005-18.png using Guid(05cf5ebb564f72d40a07dd60c774d516) Importer(815301076,1909f56bfc062723c751e8b465ee728b)  -> (artifact id: 'ce60adb20b35573532f650daf62607ca') in 0.023971 seconds 
  Import took 0.044585 seconds .

========================================================================
Received Import Request.
  Time since last request: 0.000320 seconds.
  path: Assets/DataFile/黄金矿工2005-9.mp3
  artifactKey: Guid(24b734ed7028c1740ad790bda6ba3ea3) Importer(815301076,1909f56bfc062723c751e8b465ee728b)
Start importing Assets/DataFile/黄金矿工2005-9.mp3 using Guid(24b734ed7028c1740ad790bda6ba3ea3) Importer(815301076,1909f56bfc062723c751e8b465ee728b)  -> (artifact id: '88ebc8dd00d198637acb625671b31824') in 0.022255 seconds 
  Import took 0.042653 seconds .

========================================================================
Received Import Request.
  Time since last request: 0.001073 seconds.
  path: Assets/DataFile/黄金矿工2005-23.png
  artifactKey: Guid(55de15f86c9628e4e882b30eb339cbd9) Importer(815301076,1909f56bfc062723c751e8b465ee728b)
Start importing Assets/DataFile/黄金矿工2005-23.png using Guid(55de15f86c9628e4e882b30eb339cbd9) Importer(815301076,1909f56bfc062723c751e8b465ee728b)  -> (artifact id: '41611a3dd725fdc2ba5555b5b8e32c22') in 0.053194 seconds 
  Import took 0.066974 seconds .

========================================================================
Received Import Request.
  Time since last request: 0.001627 seconds.
  path: Assets/DataFile/黄金矿工2005-6.mp3
  artifactKey: Guid(0487bb97981734f4b9539152444a1076) Importer(815301076,1909f56bfc062723c751e8b465ee728b)
Start importing Assets/DataFile/黄金矿工2005-6.mp3 using Guid(0487bb97981734f4b9539152444a1076) Importer(815301076,1909f56bfc062723c751e8b465ee728b)  -> (artifact id: '945010d37d70ece0b3c68f242c39d82e') in 0.025097 seconds 
  Import took 0.037474 seconds .

========================================================================
Received Import Request.
  Time since last request: 0.000526 seconds.
  path: Assets/DataFile/黄金矿工2005-5.mp3
  artifactKey: Guid(ecc6aef4fcdb02d42aa1f73e9aef17c2) Importer(815301076,1909f56bfc062723c751e8b465ee728b)
Start importing Assets/DataFile/黄金矿工2005-5.mp3 using Guid(ecc6aef4fcdb02d42aa1f73e9aef17c2) Importer(815301076,1909f56bfc062723c751e8b465ee728b)  -> (artifact id: '741bc3f458c2457d36234a45f0f5adbd') in 0.031818 seconds 
  Import took 0.048301 seconds .

========================================================================
Received Import Request.
  Time since last request: 0.001074 seconds.
  path: Assets/DataFile/黄金矿工2005-14.png
  artifactKey: Guid(fb75139bef26994488c247e988a43307) Importer(815301076,1909f56bfc062723c751e8b465ee728b)
Start importing Assets/DataFile/黄金矿工2005-14.png using Guid(fb75139bef26994488c247e988a43307) Importer(815301076,1909f56bfc062723c751e8b465ee728b)  -> (artifact id: '4b3ac1d5303670f33907c0093c3b6653') in 0.037455 seconds 
  Import took 0.045870 seconds .

========================================================================
Received Import Request.
  Time since last request: 0.000345 seconds.
  path: Assets/DataFile/黄金矿工2005-2.png
  artifactKey: Guid(b01984e03e148ab46999b19b0cda7b8e) Importer(815301076,1909f56bfc062723c751e8b465ee728b)
Start importing Assets/DataFile/黄金矿工2005-2.png using Guid(b01984e03e148ab46999b19b0cda7b8e) Importer(815301076,1909f56bfc062723c751e8b465ee728b)  -> (artifact id: '5acb5fb709e10dc3510400add713cfd3') in 0.041211 seconds 
  Import took 0.060853 seconds .

========================================================================
Received Import Request.
  Time since last request: 0.000794 seconds.
  path: Assets/DataFile/黄金矿工2005-17.png
  artifactKey: Guid(ab0af84ecc2c4a04f8a28eda24631293) Importer(815301076,1909f56bfc062723c751e8b465ee728b)
Start importing Assets/DataFile/黄金矿工2005-17.png using Guid(ab0af84ecc2c4a04f8a28eda24631293) Importer(815301076,1909f56bfc062723c751e8b465ee728b)  -> (artifact id: '9718fa1db24427ac268320a94f285082') in 0.025726 seconds 
  Import took 0.034704 seconds .

========================================================================
Received Import Request.
  Time since last request: 0.000353 seconds.
  path: Assets/DataFile/黄金矿工2005-24.png
  artifactKey: Guid(0f219caf99a259a4a91afebf2befb0dc) Importer(815301076,1909f56bfc062723c751e8b465ee728b)
Start importing Assets/DataFile/黄金矿工2005-24.png using Guid(0f219caf99a259a4a91afebf2befb0dc) Importer(815301076,1909f56bfc062723c751e8b465ee728b)  -> (artifact id: '9f19989c479bf72f7bf0bd69b1e83cf6') in 0.038964 seconds 
  Import took 0.055925 seconds .

========================================================================
Received Import Request.
  Time since last request: 0.001292 seconds.
  path: Assets/DataFile/黄金矿工2005-3.png
  artifactKey: Guid(b96d6d982a6ceb048a02a19ba2b82f63) Importer(815301076,1909f56bfc062723c751e8b465ee728b)
Start importing Assets/DataFile/黄金矿工2005-3.png using Guid(b96d6d982a6ceb048a02a19ba2b82f63) Importer(815301076,1909f56bfc062723c751e8b465ee728b)  -> (artifact id: 'd7419db037b621638b997ec7c54ffdff') in 0.031652 seconds 
  Import took 0.044202 seconds .

========================================================================
Received Import Request.
  Time since last request: 0.002061 seconds.
  path: Assets/DataFile/黄金矿工2005-8.mp3
  artifactKey: Guid(7905b16152aae2d409ddb95f3c70f0bb) Importer(815301076,1909f56bfc062723c751e8b465ee728b)
Start importing Assets/DataFile/黄金矿工2005-8.mp3 using Guid(7905b16152aae2d409ddb95f3c70f0bb) Importer(815301076,1909f56bfc062723c751e8b465ee728b)  -> (artifact id: '310e0aec96ddff716114c9731454006a') in 0.033361 seconds 
  Import took 0.041290 seconds .

========================================================================
Received Import Request.
  Time since last request: 0.000389 seconds.
  path: Assets/DataFile/黄金矿工2005-6.png
  artifactKey: Guid(db97f52b7215b4d45b3ccf3c42fe6486) Importer(815301076,1909f56bfc062723c751e8b465ee728b)
Start importing Assets/DataFile/黄金矿工2005-6.png using Guid(db97f52b7215b4d45b3ccf3c42fe6486) Importer(815301076,1909f56bfc062723c751e8b465ee728b)  -> (artifact id: '7be929de647ddd9c281decacddeaecaf') in 0.029534 seconds 
  Import took 0.048981 seconds .

========================================================================
Received Import Request.
  Time since last request: 0.001625 seconds.
  path: Assets/DataFile/黄金矿工2005-12.png
  artifactKey: Guid(ccd42d6a48d770a41841c0830a6dcfad) Importer(815301076,1909f56bfc062723c751e8b465ee728b)
Start importing Assets/DataFile/黄金矿工2005-12.png using Guid(ccd42d6a48d770a41841c0830a6dcfad) Importer(815301076,1909f56bfc062723c751e8b465ee728b)  -> (artifact id: '121f7a807a7d77a3de4f65d699be9202') in 0.025822 seconds 
  Import took 0.033756 seconds .

========================================================================
Received Import Request.
  Time since last request: 0.000408 seconds.
  path: Assets/DataFile/黄金矿工2005-10.mp3
  artifactKey: Guid(aa4b8b62d52445e45b91d7eeed089581) Importer(815301076,1909f56bfc062723c751e8b465ee728b)
Start importing Assets/DataFile/黄金矿工2005-10.mp3 using Guid(aa4b8b62d52445e45b91d7eeed089581) Importer(815301076,1909f56bfc062723c751e8b465ee728b)  -> (artifact id: '1589f2b4a427d5a6fff9e0aa07f0e249') in 0.086177 seconds 
  Import took 0.094260 seconds .

========================================================================
Received Import Request.
  Time since last request: 0.000328 seconds.
  path: Assets/DataFile/黄金矿工2005-2.mp3
  artifactKey: Guid(0431ba99e93ec354eb18975555fbaac6) Importer(815301076,1909f56bfc062723c751e8b465ee728b)
Start importing Assets/DataFile/黄金矿工2005-2.mp3 using Guid(0431ba99e93ec354eb18975555fbaac6) Importer(815301076,1909f56bfc062723c751e8b465ee728b)  -> (artifact id: '670bef9892742a5eb1039e185b992ed3') in 0.025586 seconds 
  Import took 0.037511 seconds .

========================================================================
Received Import Request.
  Time since last request: 0.000454 seconds.
  path: Assets/DataFile/黄金矿工2005-8.png
  artifactKey: Guid(3182339bc41976b47a1e027c9ac5b713) Importer(815301076,1909f56bfc062723c751e8b465ee728b)
Start importing Assets/DataFile/黄金矿工2005-8.png using Guid(3182339bc41976b47a1e027c9ac5b713) Importer(815301076,1909f56bfc062723c751e8b465ee728b)  -> (artifact id: '4676bc44ac654e5c75928d5135511340') in 0.057230 seconds 
  Import took 0.068328 seconds .

========================================================================
Received Import Request.
  Time since last request: 0.000499 seconds.
  path: Assets/DataFile/黄金矿工2005-1.png
  artifactKey: Guid(4abe18bfe35a3e24b8a8b6d10484c8b8) Importer(815301076,1909f56bfc062723c751e8b465ee728b)
Start importing Assets/DataFile/黄金矿工2005-1.png using Guid(4abe18bfe35a3e24b8a8b6d10484c8b8) Importer(815301076,1909f56bfc062723c751e8b465ee728b)  -> (artifact id: '4afa09cd9b83524e71aaa077ad69e606') in 0.031528 seconds 
  Import took 0.044228 seconds .

========================================================================
Received Import Request.
  Time since last request: 0.000372 seconds.
  path: Assets/DataFile/黄金矿工2005-4.png
  artifactKey: Guid(7853d205e95423c44bba961d62deaa00) Importer(815301076,1909f56bfc062723c751e8b465ee728b)
Start importing Assets/DataFile/黄金矿工2005-4.png using Guid(7853d205e95423c44bba961d62deaa00) Importer(815301076,1909f56bfc062723c751e8b465ee728b)  -> (artifact id: '74d5fcbf2582480215fc7ad69431d4fc') in 0.042956 seconds 
  Import took 0.050105 seconds .

========================================================================
Received Import Request.
  Time since last request: 0.000144 seconds.
  path: Assets/DataFile/黄金矿工2005-7.png
  artifactKey: Guid(fa7dd8e7015c3d5489a7e0cfa9535429) Importer(815301076,1909f56bfc062723c751e8b465ee728b)
Start importing Assets/DataFile/黄金矿工2005-7.png using Guid(fa7dd8e7015c3d5489a7e0cfa9535429) Importer(815301076,1909f56bfc062723c751e8b465ee728b)  -> (artifact id: 'f9a25f15b1e78b2f5913f7437cab34a6') in 0.067683 seconds 
  Import took 0.079288 seconds .

========================================================================
Received Import Request.
  Time since last request: 0.000146 seconds.
  path: Assets/DataFile/Gold.png
  artifactKey: Guid(70f5b6a1dae5c8b49b68602ed4bab75a) Importer(815301076,1909f56bfc062723c751e8b465ee728b)
Start importing Assets/DataFile/Gold.png using Guid(70f5b6a1dae5c8b49b68602ed4bab75a) Importer(815301076,1909f56bfc062723c751e8b465ee728b)  -> (artifact id: '1e86a16e93bd94122d629864b968f55d') in 0.031073 seconds 
  Import took 0.037985 seconds .

========================================================================
Received Import Request.
  Time since last request: 0.000392 seconds.
  path: Assets/DataFile/QQ截图20190419101959.jpg
  artifactKey: Guid(0a897c0ce3d6b5148a575803c5c940b3) Importer(815301076,1909f56bfc062723c751e8b465ee728b)
Start importing Assets/DataFile/QQ截图20190419101959.jpg using Guid(0a897c0ce3d6b5148a575803c5c940b3) Importer(815301076,1909f56bfc062723c751e8b465ee728b)  -> (artifact id: 'ed9f4c01d1e416a4f8e45d8f54a03b4a') in 0.047299 seconds 
  Import took 0.057316 seconds .

========================================================================
Received Import Request.
  Time since last request: 0.000889 seconds.
  path: Assets/DataFile/黄金矿工2005-4.mp3
  artifactKey: Guid(9bebbba410b09af4588395e73bc3a7c7) Importer(815301076,1909f56bfc062723c751e8b465ee728b)
Start importing Assets/DataFile/黄金矿工2005-4.mp3 using Guid(9bebbba410b09af4588395e73bc3a7c7) Importer(815301076,1909f56bfc062723c751e8b465ee728b)  -> (artifact id: 'a25b3970921ad7f773306a5db497bbbf') in 0.019013 seconds 
  Import took 0.025601 seconds .

========================================================================
Received Import Request.
  Time since last request: 0.000368 seconds.
  path: Assets/DataFile/主视图.jpg
  artifactKey: Guid(e762203e4dcb0b34b831a540c8b074b2) Importer(815301076,1909f56bfc062723c751e8b465ee728b)
Start importing Assets/DataFile/主视图.jpg using Guid(e762203e4dcb0b34b831a540c8b074b2) Importer(815301076,1909f56bfc062723c751e8b465ee728b)  -> (artifact id: 'd6c9699424c4f46525965c5618da7e1d') in 0.038467 seconds 
  Import took 0.051897 seconds .

========================================================================
Received Import Request.
  Time since last request: 0.000294 seconds.
  path: Assets/DataFile/黄金矿工2005-5.png
  artifactKey: Guid(1532fd4b90026684abfd5c5c0575c7c1) Importer(815301076,1909f56bfc062723c751e8b465ee728b)
Start importing Assets/DataFile/黄金矿工2005-5.png using Guid(1532fd4b90026684abfd5c5c0575c7c1) Importer(815301076,1909f56bfc062723c751e8b465ee728b)  -> (artifact id: 'b7ae76b44bb9d79e50833a9269e37c69') in 0.033186 seconds 
  Import took 0.044731 seconds .

========================================================================
Received Import Request.
  Time since last request: 202.882983 seconds.
  path: Assets/Scripts
  artifactKey: Guid(1a883a925b83e48e19f17163ea2b7bff) Importer(815301076,1909f56bfc062723c751e8b465ee728b)
Start importing Assets/Scripts using Guid(1a883a925b83e48e19f17163ea2b7bff) Importer(815301076,1909f56bfc062723c751e8b465ee728b)  -> (artifact id: '8218cb03ffb2b1e82121d2dd4bf3b408') in 0.002349 seconds 
  Import took 0.007291 seconds .

========================================================================
Received Prepare
Registering precompiled user dll's ...
Registered in 0.003312 seconds.
Begin MonoManager ReloadAssembly
Native extension for OSXStandalone target not found
Refreshing native plugins compatible for Editor in 0.49 ms, found 3 plugins.
Preloading 0 native plugins for Editor in 0.00 ms.
Mono: successfully reloaded assembly
- Completed reload, in  1.925 seconds
Domain Reload Profiling:
	ReloadAssembly (1925ms)
		BeginReloadAssembly (257ms)
			ExecutionOrderSort (0ms)
			DisableScriptedObjects (10ms)
			BackupInstance (0ms)
			ReleaseScriptingObjects (0ms)
			CreateAndSetChildDomain (127ms)
		EndReloadAssembly (1541ms)
			LoadAssemblies (171ms)
			RebuildTransferFunctionScriptingTraits (0ms)
			SetupTypeCache (564ms)
			ReleaseScriptCaches (1ms)
			RebuildScriptCaches (82ms)
			SetupLoadedEditorAssemblies (561ms)
				LogAssemblyErrors (0ms)
				InitializePlatformSupportModulesInManaged (8ms)
				SetLoadedEditorAssemblies (1ms)
				RefreshPlugins (1ms)
				BeforeProcessingInitializeOnLoad (185ms)
				ProcessInitializeOnLoadAttributes (355ms)
				ProcessInitializeOnLoadMethodAttributes (10ms)
				AfterProcessingInitializeOnLoad (2ms)
				EditorAssembliesLoaded (0ms)
			ExecutionOrderSort2 (0ms)
			AwakeInstancesAfterBackupRestoration (18ms)
Platform modules already initialized, skipping
Refreshing native plugins compatible for Editor in 0.82 ms, found 3 plugins.
Preloading 0 native plugins for Editor in 0.00 ms.
Unloading 2084 Unused Serialized files (Serialized files now loaded: 0)
System memory in use before: 208.0 MB.
System memory in use after: 208.1 MB.

Unloading 15 unused Assets to reduce memory usage. Loaded Objects now: 2631.
Total: 3.786120 ms (FindLiveObjects: 0.229515 ms CreateObjectMapping: 0.079021 ms MarkObjects: 3.455251 ms  DeleteObjects: 0.021083 ms)

AssetImportParameters requested are different than current active one (requested -> active):
  custom:video-decoder-ogg-theora: a1e56fd34408186e4bbccfd4996cb3dc -> 
  custom:container-muxer-webm: aa71ff27fc2769a1b78a27578f13a17b -> 
  custom:container-demuxer-webm: 4f35f7cbe854078d1ac9338744f61a02 -> 
  custom:container-demuxer-ogg: 62fdf1f143b41e24485cea50d1cbac27 -> 
  custom:video-encoder-webm-vp8: eb34c28f22e8b96e1ab97ce403110664 -> 
  custom:framework-osx-AVFoundation: b23960f63f64bdc6ff669e2cdcee2391 -> 
  custom:video-decoder-webm-vp8: 9c59270c3fd7afecdb556c50c9e8de78 -> 
  custom:audio-decoder-ogg-vorbis: bf7c407c2cedff20999df2af8eb42d56 -> 
  custom:audio-encoder-webm-vorbis: bf7c407c2cedff20999df2af8eb42d56 -> 
========================================================================
Received Prepare
Registering precompiled user dll's ...
Registered in 0.001596 seconds.
Begin MonoManager ReloadAssembly
Native extension for OSXStandalone target not found
Refreshing native plugins compatible for Editor in 0.58 ms, found 3 plugins.
Preloading 0 native plugins for Editor in 0.00 ms.
Mono: successfully reloaded assembly
- Completed reload, in  1.850 seconds
Domain Reload Profiling:
	ReloadAssembly (1850ms)
		BeginReloadAssembly (189ms)
			ExecutionOrderSort (0ms)
			DisableScriptedObjects (14ms)
			BackupInstance (0ms)
			ReleaseScriptingObjects (0ms)
			CreateAndSetChildDomain (98ms)
		EndReloadAssembly (1567ms)
			LoadAssemblies (108ms)
			RebuildTransferFunctionScriptingTraits (0ms)
			SetupTypeCache (574ms)
			ReleaseScriptCaches (1ms)
			RebuildScriptCaches (94ms)
			SetupLoadedEditorAssemblies (544ms)
				LogAssemblyErrors (0ms)
				InitializePlatformSupportModulesInManaged (8ms)
				SetLoadedEditorAssemblies (1ms)
				RefreshPlugins (1ms)
				BeforeProcessingInitializeOnLoad (174ms)
				ProcessInitializeOnLoadAttributes (349ms)
				ProcessInitializeOnLoadMethodAttributes (10ms)
				AfterProcessingInitializeOnLoad (2ms)
				EditorAssembliesLoaded (0ms)
			ExecutionOrderSort2 (0ms)
			AwakeInstancesAfterBackupRestoration (18ms)
Platform modules already initialized, skipping
Refreshing native plugins compatible for Editor in 0.49 ms, found 3 plugins.
Preloading 0 native plugins for Editor in 0.00 ms.
Unloading 2084 Unused Serialized files (Serialized files now loaded: 0)
System memory in use before: 208.3 MB.
System memory in use after: 208.4 MB.

Unloading 14 unused Assets to reduce memory usage. Loaded Objects now: 2634.
Total: 3.812280 ms (FindLiveObjects: 0.361350 ms CreateObjectMapping: 0.105037 ms MarkObjects: 3.320918 ms  DeleteObjects: 0.023874 ms)

AssetImportParameters requested are different than current active one (requested -> active):
  custom:video-decoder-ogg-theora: a1e56fd34408186e4bbccfd4996cb3dc -> 
  custom:container-muxer-webm: aa71ff27fc2769a1b78a27578f13a17b -> 
  custom:container-demuxer-webm: 4f35f7cbe854078d1ac9338744f61a02 -> 
  custom:container-demuxer-ogg: 62fdf1f143b41e24485cea50d1cbac27 -> 
  custom:video-encoder-webm-vp8: eb34c28f22e8b96e1ab97ce403110664 -> 
  custom:framework-osx-AVFoundation: b23960f63f64bdc6ff669e2cdcee2391 -> 
  custom:video-decoder-webm-vp8: 9c59270c3fd7afecdb556c50c9e8de78 -> 
  custom:audio-decoder-ogg-vorbis: bf7c407c2cedff20999df2af8eb42d56 -> 
  custom:audio-encoder-webm-vorbis: bf7c407c2cedff20999df2af8eb42d56 -> 
========================================================================
Received Import Request.
  Time since last request: 35.313891 seconds.
  path: Assets/Scripts/HookLine.cs
  artifactKey: Guid(6a1a807e05e1e4bb6ac8a0684efb692e) Importer(815301076,1909f56bfc062723c751e8b465ee728b)
Start importing Assets/Scripts/HookLine.cs using Guid(6a1a807e05e1e4bb6ac8a0684efb692e) Importer(815301076,1909f56bfc062723c751e8b465ee728b)  -> (artifact id: 'd6c2ed1b47fcd5bd06ae0dc37a83014f') in 0.694033 seconds 
  Import took 0.699561 seconds .

========================================================================
Received Import Request.
  Time since last request: 6.067549 seconds.
  path: Assets/Scripts/HookLine.cs
  artifactKey: Guid(6a1a807e05e1e4bb6ac8a0684efb692e) Importer(815301076,1909f56bfc062723c751e8b465ee728b)
Start importing Assets/Scripts/HookLine.cs using Guid(6a1a807e05e1e4bb6ac8a0684efb692e) Importer(815301076,1909f56bfc062723c751e8b465ee728b)  -> (artifact id: 'b950efebe7bada30fbc694e386d5d911') in 0.013209 seconds 
  Import took 0.028698 seconds .

========================================================================
Received Prepare
Registering precompiled user dll's ...
Registered in 0.002944 seconds.
Begin MonoManager ReloadAssembly
Native extension for OSXStandalone target not found
Refreshing native plugins compatible for Editor in 0.48 ms, found 3 plugins.
Preloading 0 native plugins for Editor in 0.00 ms.
Mono: successfully reloaded assembly
- Completed reload, in  2.152 seconds
Domain Reload Profiling:
	ReloadAssembly (2153ms)
		BeginReloadAssembly (227ms)
			ExecutionOrderSort (0ms)
			DisableScriptedObjects (11ms)
			BackupInstance (0ms)
			ReleaseScriptingObjects (0ms)
			CreateAndSetChildDomain (127ms)
		EndReloadAssembly (1806ms)
			LoadAssemblies (180ms)
			RebuildTransferFunctionScriptingTraits (0ms)
			SetupTypeCache (611ms)
			ReleaseScriptCaches (1ms)
			RebuildScriptCaches (82ms)
			SetupLoadedEditorAssemblies (734ms)
				LogAssemblyErrors (0ms)
				InitializePlatformSupportModulesInManaged (8ms)
				SetLoadedEditorAssemblies (1ms)
				RefreshPlugins (1ms)
				BeforeProcessingInitializeOnLoad (203ms)
				ProcessInitializeOnLoadAttributes (511ms)
				ProcessInitializeOnLoadMethodAttributes (9ms)
				AfterProcessingInitializeOnLoad (1ms)
				EditorAssembliesLoaded (0ms)
			ExecutionOrderSort2 (0ms)
			AwakeInstancesAfterBackupRestoration (16ms)
Platform modules already initialized, skipping
Refreshing native plugins compatible for Editor in 0.85 ms, found 3 plugins.
Preloading 0 native plugins for Editor in 0.00 ms.
Unloading 2084 Unused Serialized files (Serialized files now loaded: 0)
System memory in use before: 212.5 MB.
System memory in use after: 212.6 MB.

Unloading 14 unused Assets to reduce memory usage. Loaded Objects now: 2637.
Total: 7.580844 ms (FindLiveObjects: 0.243790 ms CreateObjectMapping: 0.076715 ms MarkObjects: 7.224330 ms  DeleteObjects: 0.033765 ms)

AssetImportParameters requested are different than current active one (requested -> active):
  custom:video-decoder-ogg-theora: a1e56fd34408186e4bbccfd4996cb3dc -> 
  custom:container-muxer-webm: aa71ff27fc2769a1b78a27578f13a17b -> 
  custom:container-demuxer-webm: 4f35f7cbe854078d1ac9338744f61a02 -> 
  custom:container-demuxer-ogg: 62fdf1f143b41e24485cea50d1cbac27 -> 
  custom:video-encoder-webm-vp8: eb34c28f22e8b96e1ab97ce403110664 -> 
  custom:framework-osx-AVFoundation: b23960f63f64bdc6ff669e2cdcee2391 -> 
  custom:video-decoder-webm-vp8: 9c59270c3fd7afecdb556c50c9e8de78 -> 
  custom:audio-decoder-ogg-vorbis: bf7c407c2cedff20999df2af8eb42d56 -> 
  custom:audio-encoder-webm-vorbis: bf7c407c2cedff20999df2af8eb42d56 -> 
========================================================================
Received Import Request.
  Time since last request: 38.335731 seconds.
  path: Assets/Scripts/HookLine.cs
  artifactKey: Guid(6a1a807e05e1e4bb6ac8a0684efb692e) Importer(815301076,1909f56bfc062723c751e8b465ee728b)
Start importing Assets/Scripts/HookLine.cs using Guid(6a1a807e05e1e4bb6ac8a0684efb692e) Importer(815301076,1909f56bfc062723c751e8b465ee728b)  -> (artifact id: 'c3c964746e4f355ef8547e203d8c8338') in 0.020840 seconds 
  Import took 0.036155 seconds .

========================================================================
Received Prepare
Registering precompiled user dll's ...
Registered in 0.001654 seconds.
Begin MonoManager ReloadAssembly
Native extension for OSXStandalone target not found
Refreshing native plugins compatible for Editor in 0.58 ms, found 3 plugins.
Preloading 0 native plugins for Editor in 0.00 ms.
Mono: successfully reloaded assembly
- Completed reload, in  1.972 seconds
Domain Reload Profiling:
	ReloadAssembly (1972ms)
		BeginReloadAssembly (269ms)
			ExecutionOrderSort (0ms)
			DisableScriptedObjects (10ms)
			BackupInstance (0ms)
			ReleaseScriptingObjects (0ms)
			CreateAndSetChildDomain (159ms)
		EndReloadAssembly (1574ms)
			LoadAssemblies (176ms)
			RebuildTransferFunctionScriptingTraits (0ms)
			SetupTypeCache (606ms)
			ReleaseScriptCaches (1ms)
			RebuildScriptCaches (89ms)
			SetupLoadedEditorAssemblies (524ms)
				LogAssemblyErrors (0ms)
				InitializePlatformSupportModulesInManaged (10ms)
				SetLoadedEditorAssemblies (2ms)
				RefreshPlugins (1ms)
				BeforeProcessingInitializeOnLoad (178ms)
				ProcessInitializeOnLoadAttributes (323ms)
				ProcessInitializeOnLoadMethodAttributes (9ms)
				AfterProcessingInitializeOnLoad (2ms)
				EditorAssembliesLoaded (0ms)
			ExecutionOrderSort2 (0ms)
			AwakeInstancesAfterBackupRestoration (16ms)
Platform modules already initialized, skipping
Refreshing native plugins compatible for Editor in 0.48 ms, found 3 plugins.
Preloading 0 native plugins for Editor in 0.00 ms.
Unloading 2084 Unused Serialized files (Serialized files now loaded: 0)
System memory in use before: 212.7 MB.
System memory in use after: 212.8 MB.

Unloading 14 unused Assets to reduce memory usage. Loaded Objects now: 2640.
Total: 3.798174 ms (FindLiveObjects: 0.222794 ms CreateObjectMapping: 0.073673 ms MarkObjects: 3.475306 ms  DeleteObjects: 0.025165 ms)

AssetImportParameters requested are different than current active one (requested -> active):
  custom:video-decoder-ogg-theora: a1e56fd34408186e4bbccfd4996cb3dc -> 
  custom:container-muxer-webm: aa71ff27fc2769a1b78a27578f13a17b -> 
  custom:container-demuxer-webm: 4f35f7cbe854078d1ac9338744f61a02 -> 
  custom:container-demuxer-ogg: 62fdf1f143b41e24485cea50d1cbac27 -> 
  custom:video-encoder-webm-vp8: eb34c28f22e8b96e1ab97ce403110664 -> 
  custom:framework-osx-AVFoundation: b23960f63f64bdc6ff669e2cdcee2391 -> 
  custom:video-decoder-webm-vp8: 9c59270c3fd7afecdb556c50c9e8de78 -> 
  custom:audio-decoder-ogg-vorbis: bf7c407c2cedff20999df2af8eb42d56 -> 
  custom:audio-encoder-webm-vorbis: bf7c407c2cedff20999df2af8eb42d56 -> 
========================================================================
Received Import Request.
  Time since last request: 19.651522 seconds.
  path: Assets/Scripts/HookLine.cs
  artifactKey: Guid(6a1a807e05e1e4bb6ac8a0684efb692e) Importer(815301076,1909f56bfc062723c751e8b465ee728b)
Start importing Assets/Scripts/HookLine.cs using Guid(6a1a807e05e1e4bb6ac8a0684efb692e) Importer(815301076,1909f56bfc062723c751e8b465ee728b)  -> (artifact id: '667364a314d379fb3e8b835e9ae4636b') in 0.021310 seconds 
  Import took 0.037993 seconds .

========================================================================
Received Prepare
Registering precompiled user dll's ...
Registered in 0.002910 seconds.
Begin MonoManager ReloadAssembly
Native extension for OSXStandalone target not found
Refreshing native plugins compatible for Editor in 0.48 ms, found 3 plugins.
Preloading 0 native plugins for Editor in 0.00 ms.
Mono: successfully reloaded assembly
- Completed reload, in  1.980 seconds
Domain Reload Profiling:
	ReloadAssembly (1981ms)
		BeginReloadAssembly (236ms)
			ExecutionOrderSort (0ms)
			DisableScriptedObjects (17ms)
			BackupInstance (0ms)
			ReleaseScriptingObjects (0ms)
			CreateAndSetChildDomain (129ms)
		EndReloadAssembly (1643ms)
			LoadAssemblies (133ms)
			RebuildTransferFunctionScriptingTraits (0ms)
			SetupTypeCache (583ms)
			ReleaseScriptCaches (2ms)
			RebuildScriptCaches (137ms)
			SetupLoadedEditorAssemblies (593ms)
				LogAssemblyErrors (0ms)
				InitializePlatformSupportModulesInManaged (8ms)
				SetLoadedEditorAssemblies (1ms)
				RefreshPlugins (1ms)
				BeforeProcessingInitializeOnLoad (184ms)
				ProcessInitializeOnLoadAttributes (389ms)
				ProcessInitializeOnLoadMethodAttributes (9ms)
				AfterProcessingInitializeOnLoad (2ms)
				EditorAssembliesLoaded (0ms)
			ExecutionOrderSort2 (0ms)
			AwakeInstancesAfterBackupRestoration (17ms)
Platform modules already initialized, skipping
Refreshing native plugins compatible for Editor in 0.50 ms, found 3 plugins.
Preloading 0 native plugins for Editor in 0.00 ms.
Unloading 2084 Unused Serialized files (Serialized files now loaded: 0)
System memory in use before: 212.9 MB.
System memory in use after: 213.0 MB.

Unloading 14 unused Assets to reduce memory usage. Loaded Objects now: 2643.
Total: 3.461849 ms (FindLiveObjects: 0.226754 ms CreateObjectMapping: 0.073878 ms MarkObjects: 3.138122 ms  DeleteObjects: 0.021931 ms)

AssetImportParameters requested are different than current active one (requested -> active):
  custom:video-decoder-ogg-theora: a1e56fd34408186e4bbccfd4996cb3dc -> 
  custom:container-muxer-webm: aa71ff27fc2769a1b78a27578f13a17b -> 
  custom:container-demuxer-webm: 4f35f7cbe854078d1ac9338744f61a02 -> 
  custom:container-demuxer-ogg: 62fdf1f143b41e24485cea50d1cbac27 -> 
  custom:video-encoder-webm-vp8: eb34c28f22e8b96e1ab97ce403110664 -> 
  custom:framework-osx-AVFoundation: b23960f63f64bdc6ff669e2cdcee2391 -> 
  custom:video-decoder-webm-vp8: 9c59270c3fd7afecdb556c50c9e8de78 -> 
  custom:audio-decoder-ogg-vorbis: bf7c407c2cedff20999df2af8eb42d56 -> 
  custom:audio-encoder-webm-vorbis: bf7c407c2cedff20999df2af8eb42d56 -> 
========================================================================
Received Import Request.
  Time since last request: 14.307556 seconds.
  path: Assets/Scripts/HookLine.cs
  artifactKey: Guid(6a1a807e05e1e4bb6ac8a0684efb692e) Importer(815301076,1909f56bfc062723c751e8b465ee728b)
Start importing Assets/Scripts/HookLine.cs using Guid(6a1a807e05e1e4bb6ac8a0684efb692e) Importer(815301076,1909f56bfc062723c751e8b465ee728b)  -> (artifact id: 'df5d14517c07557d7d68e6a4c985554e') in 0.028448 seconds 
  Import took 0.036413 seconds .

========================================================================
Received Prepare
Registering precompiled user dll's ...
Registered in 0.003063 seconds.
Begin MonoManager ReloadAssembly
Native extension for OSXStandalone target not found
Refreshing native plugins compatible for Editor in 0.58 ms, found 3 plugins.
Preloading 0 native plugins for Editor in 0.00 ms.
Mono: successfully reloaded assembly
- Completed reload, in  1.817 seconds
Domain Reload Profiling:
	ReloadAssembly (1818ms)
		BeginReloadAssembly (187ms)
			ExecutionOrderSort (0ms)
			DisableScriptedObjects (10ms)
			BackupInstance (0ms)
			ReleaseScriptingObjects (0ms)
			CreateAndSetChildDomain (94ms)
		EndReloadAssembly (1501ms)
			LoadAssemblies (131ms)
			RebuildTransferFunctionScriptingTraits (0ms)
			SetupTypeCache (485ms)
			ReleaseScriptCaches (1ms)
			RebuildScriptCaches (88ms)
			SetupLoadedEditorAssemblies (614ms)
				LogAssemblyErrors (0ms)
				InitializePlatformSupportModulesInManaged (8ms)
				SetLoadedEditorAssemblies (1ms)
				RefreshPlugins (1ms)
				BeforeProcessingInitializeOnLoad (198ms)
				ProcessInitializeOnLoadAttributes (396ms)
				ProcessInitializeOnLoadMethodAttributes (9ms)
				AfterProcessingInitializeOnLoad (2ms)
				EditorAssembliesLoaded (0ms)
			ExecutionOrderSort2 (0ms)
			AwakeInstancesAfterBackupRestoration (18ms)
Platform modules already initialized, skipping
Refreshing native plugins compatible for Editor in 0.53 ms, found 3 plugins.
Preloading 0 native plugins for Editor in 0.00 ms.
Unloading 2084 Unused Serialized files (Serialized files now loaded: 0)
System memory in use before: 213.2 MB.
System memory in use after: 213.3 MB.

Unloading 14 unused Assets to reduce memory usage. Loaded Objects now: 2646.
Total: 3.887550 ms (FindLiveObjects: 0.227441 ms CreateObjectMapping: 0.072810 ms MarkObjects: 3.538844 ms  DeleteObjects: 0.047021 ms)

AssetImportParameters requested are different than current active one (requested -> active):
  custom:video-decoder-ogg-theora: a1e56fd34408186e4bbccfd4996cb3dc -> 
  custom:container-muxer-webm: aa71ff27fc2769a1b78a27578f13a17b -> 
  custom:container-demuxer-webm: 4f35f7cbe854078d1ac9338744f61a02 -> 
  custom:container-demuxer-ogg: 62fdf1f143b41e24485cea50d1cbac27 -> 
  custom:video-encoder-webm-vp8: eb34c28f22e8b96e1ab97ce403110664 -> 
  custom:framework-osx-AVFoundation: b23960f63f64bdc6ff669e2cdcee2391 -> 
  custom:video-decoder-webm-vp8: 9c59270c3fd7afecdb556c50c9e8de78 -> 
  custom:audio-decoder-ogg-vorbis: bf7c407c2cedff20999df2af8eb42d56 -> 
  custom:audio-encoder-webm-vorbis: bf7c407c2cedff20999df2af8eb42d56 -> 
========================================================================
Received Import Request.
  Time since last request: 43.516732 seconds.
  path: Assets/Scripts/HookLine.cs
  artifactKey: Guid(6a1a807e05e1e4bb6ac8a0684efb692e) Importer(815301076,1909f56bfc062723c751e8b465ee728b)
Start importing Assets/Scripts/HookLine.cs using Guid(6a1a807e05e1e4bb6ac8a0684efb692e) Importer(815301076,1909f56bfc062723c751e8b465ee728b)  -> (artifact id: 'f6debdd604aa5e37d17f68fafe2a367d') in 0.023055 seconds 
  Import took 0.037965 seconds .

========================================================================
Received Prepare
Registering precompiled user dll's ...
Registered in 0.003015 seconds.
Begin MonoManager ReloadAssembly
Native extension for OSXStandalone target not found
Refreshing native plugins compatible for Editor in 0.52 ms, found 3 plugins.
Preloading 0 native plugins for Editor in 0.00 ms.
Mono: successfully reloaded assembly
- Completed reload, in  1.793 seconds
Domain Reload Profiling:
	ReloadAssembly (1794ms)
		BeginReloadAssembly (196ms)
			ExecutionOrderSort (0ms)
			DisableScriptedObjects (10ms)
			BackupInstance (0ms)
			ReleaseScriptingObjects (0ms)
			CreateAndSetChildDomain (95ms)
		EndReloadAssembly (1504ms)
			LoadAssemblies (153ms)
			RebuildTransferFunctionScriptingTraits (0ms)
			SetupTypeCache (527ms)
			ReleaseScriptCaches (1ms)
			RebuildScriptCaches (84ms)
			SetupLoadedEditorAssemblies (566ms)
				LogAssemblyErrors (0ms)
				InitializePlatformSupportModulesInManaged (8ms)
				SetLoadedEditorAssemblies (1ms)
				RefreshPlugins (1ms)
				BeforeProcessingInitializeOnLoad (172ms)
				ProcessInitializeOnLoadAttributes (374ms)
				ProcessInitializeOnLoadMethodAttributes (9ms)
				AfterProcessingInitializeOnLoad (2ms)
				EditorAssembliesLoaded (0ms)
			ExecutionOrderSort2 (0ms)
			AwakeInstancesAfterBackupRestoration (16ms)
Platform modules already initialized, skipping
Refreshing native plugins compatible for Editor in 0.48 ms, found 3 plugins.
Preloading 0 native plugins for Editor in 0.00 ms.
Unloading 2084 Unused Serialized files (Serialized files now loaded: 0)
System memory in use before: 213.4 MB.
System memory in use after: 213.5 MB.

Unloading 14 unused Assets to reduce memory usage. Loaded Objects now: 2649.
Total: 3.456782 ms (FindLiveObjects: 0.238621 ms CreateObjectMapping: 0.073211 ms MarkObjects: 3.121942 ms  DeleteObjects: 0.021791 ms)

AssetImportParameters requested are different than current active one (requested -> active):
  custom:video-decoder-ogg-theora: a1e56fd34408186e4bbccfd4996cb3dc -> 
  custom:container-muxer-webm: aa71ff27fc2769a1b78a27578f13a17b -> 
  custom:container-demuxer-webm: 4f35f7cbe854078d1ac9338744f61a02 -> 
  custom:container-demuxer-ogg: 62fdf1f143b41e24485cea50d1cbac27 -> 
  custom:video-encoder-webm-vp8: eb34c28f22e8b96e1ab97ce403110664 -> 
  custom:framework-osx-AVFoundation: b23960f63f64bdc6ff669e2cdcee2391 -> 
  custom:video-decoder-webm-vp8: 9c59270c3fd7afecdb556c50c9e8de78 -> 
  custom:audio-decoder-ogg-vorbis: bf7c407c2cedff20999df2af8eb42d56 -> 
  custom:audio-encoder-webm-vorbis: bf7c407c2cedff20999df2af8eb42d56 -> 
========================================================================
Received Prepare
Registering precompiled user dll's ...
Registered in 0.001691 seconds.
Begin MonoManager ReloadAssembly
Native extension for OSXStandalone target not found
Refreshing native plugins compatible for Editor in 0.50 ms, found 3 plugins.
Preloading 0 native plugins for Editor in 0.00 ms.
Mono: successfully reloaded assembly
- Completed reload, in  2.051 seconds
Domain Reload Profiling:
	ReloadAssembly (2052ms)
		BeginReloadAssembly (221ms)
			ExecutionOrderSort (0ms)
			DisableScriptedObjects (14ms)
			BackupInstance (0ms)
			ReleaseScriptingObjects (0ms)
			CreateAndSetChildDomain (126ms)
		EndReloadAssembly (1727ms)
			LoadAssemblies (108ms)
			RebuildTransferFunctionScriptingTraits (0ms)
			SetupTypeCache (555ms)
			ReleaseScriptCaches (1ms)
			RebuildScriptCaches (134ms)
			SetupLoadedEditorAssemblies (632ms)
				LogAssemblyErrors (0ms)
				InitializePlatformSupportModulesInManaged (10ms)
				SetLoadedEditorAssemblies (1ms)
				RefreshPlugins (1ms)
				BeforeProcessingInitializeOnLoad (177ms)
				ProcessInitializeOnLoadAttributes (431ms)
				ProcessInitializeOnLoadMethodAttributes (10ms)
				AfterProcessingInitializeOnLoad (2ms)
				EditorAssembliesLoaded (0ms)
			ExecutionOrderSort2 (0ms)
			AwakeInstancesAfterBackupRestoration (17ms)
Platform modules already initialized, skipping
Refreshing native plugins compatible for Editor in 0.93 ms, found 3 plugins.
Preloading 0 native plugins for Editor in 0.00 ms.
Unloading 2084 Unused Serialized files (Serialized files now loaded: 0)
System memory in use before: 213.6 MB.
System memory in use after: 213.7 MB.

Unloading 14 unused Assets to reduce memory usage. Loaded Objects now: 2652.
Total: 5.504817 ms (FindLiveObjects: 0.905874 ms CreateObjectMapping: 0.310548 ms MarkObjects: 4.258833 ms  DeleteObjects: 0.026966 ms)

AssetImportParameters requested are different than current active one (requested -> active):
  custom:video-decoder-ogg-theora: a1e56fd34408186e4bbccfd4996cb3dc -> 
  custom:container-muxer-webm: aa71ff27fc2769a1b78a27578f13a17b -> 
  custom:container-demuxer-webm: 4f35f7cbe854078d1ac9338744f61a02 -> 
  custom:container-demuxer-ogg: 62fdf1f143b41e24485cea50d1cbac27 -> 
  custom:video-encoder-webm-vp8: eb34c28f22e8b96e1ab97ce403110664 -> 
  custom:framework-osx-AVFoundation: b23960f63f64bdc6ff669e2cdcee2391 -> 
  custom:video-decoder-webm-vp8: 9c59270c3fd7afecdb556c50c9e8de78 -> 
  custom:audio-decoder-ogg-vorbis: bf7c407c2cedff20999df2af8eb42d56 -> 
  custom:audio-encoder-webm-vorbis: bf7c407c2cedff20999df2af8eb42d56 -> 
========================================================================
Received Prepare
Registering precompiled user dll's ...
Registered in 0.001648 seconds.
Begin MonoManager ReloadAssembly
Native extension for OSXStandalone target not found
Refreshing native plugins compatible for Editor in 0.81 ms, found 3 plugins.
Preloading 0 native plugins for Editor in 0.00 ms.
Mono: successfully reloaded assembly
- Completed reload, in  1.941 seconds
Domain Reload Profiling:
	ReloadAssembly (1942ms)
		BeginReloadAssembly (229ms)
			ExecutionOrderSort (0ms)
			DisableScriptedObjects (15ms)
			BackupInstance (0ms)
			ReleaseScriptingObjects (0ms)
			CreateAndSetChildDomain (127ms)
		EndReloadAssembly (1566ms)
			LoadAssemblies (121ms)
			RebuildTransferFunctionScriptingTraits (0ms)
			SetupTypeCache (503ms)
			ReleaseScriptCaches (1ms)
			RebuildScriptCaches (87ms)
			SetupLoadedEditorAssemblies (614ms)
				LogAssemblyErrors (0ms)
				InitializePlatformSupportModulesInManaged (13ms)
				SetLoadedEditorAssemblies (1ms)
				RefreshPlugins (1ms)
				BeforeProcessingInitializeOnLoad (221ms)
				ProcessInitializeOnLoadAttributes (356ms)
				ProcessInitializeOnLoadMethodAttributes (19ms)
				AfterProcessingInitializeOnLoad (3ms)
				EditorAssembliesLoaded (0ms)
			ExecutionOrderSort2 (0ms)
			AwakeInstancesAfterBackupRestoration (23ms)
Platform modules already initialized, skipping
Refreshing native plugins compatible for Editor in 0.51 ms, found 3 plugins.
Preloading 0 native plugins for Editor in 0.00 ms.
Unloading 2084 Unused Serialized files (Serialized files now loaded: 0)
System memory in use before: 213.8 MB.
System memory in use after: 213.9 MB.

Unloading 14 unused Assets to reduce memory usage. Loaded Objects now: 2655.
Total: 4.267503 ms (FindLiveObjects: 0.382013 ms CreateObjectMapping: 0.186529 ms MarkObjects: 3.671827 ms  DeleteObjects: 0.025634 ms)

AssetImportParameters requested are different than current active one (requested -> active):
  custom:video-decoder-ogg-theora: a1e56fd34408186e4bbccfd4996cb3dc -> 
  custom:container-muxer-webm: aa71ff27fc2769a1b78a27578f13a17b -> 
  custom:container-demuxer-webm: 4f35f7cbe854078d1ac9338744f61a02 -> 
  custom:container-demuxer-ogg: 62fdf1f143b41e24485cea50d1cbac27 -> 
  custom:video-encoder-webm-vp8: eb34c28f22e8b96e1ab97ce403110664 -> 
  custom:framework-osx-AVFoundation: b23960f63f64bdc6ff669e2cdcee2391 -> 
  custom:video-decoder-webm-vp8: 9c59270c3fd7afecdb556c50c9e8de78 -> 
  custom:audio-decoder-ogg-vorbis: bf7c407c2cedff20999df2af8eb42d56 -> 
  custom:audio-encoder-webm-vorbis: bf7c407c2cedff20999df2af8eb42d56 -> 
========================================================================
Received Prepare
Registering precompiled user dll's ...
Registered in 0.001725 seconds.
Begin MonoManager ReloadAssembly
Native extension for OSXStandalone target not found
Refreshing native plugins compatible for Editor in 0.48 ms, found 3 plugins.
Preloading 0 native plugins for Editor in 0.00 ms.
Mono: successfully reloaded assembly
- Completed reload, in  1.892 seconds
Domain Reload Profiling:
	ReloadAssembly (1893ms)
		BeginReloadAssembly (238ms)
			ExecutionOrderSort (0ms)
			DisableScriptedObjects (11ms)
			BackupInstance (0ms)
			ReleaseScriptingObjects (0ms)
			CreateAndSetChildDomain (149ms)
		EndReloadAssembly (1545ms)
			LoadAssemblies (134ms)
			RebuildTransferFunctionScriptingTraits (0ms)
			SetupTypeCache (573ms)
			ReleaseScriptCaches (1ms)
			RebuildScriptCaches (86ms)
			SetupLoadedEditorAssemblies (570ms)
				LogAssemblyErrors (0ms)
				InitializePlatformSupportModulesInManaged (9ms)
				SetLoadedEditorAssemblies (1ms)
				RefreshPlugins (1ms)
				BeforeProcessingInitializeOnLoad (173ms)
				ProcessInitializeOnLoadAttributes (376ms)
				ProcessInitializeOnLoadMethodAttributes (9ms)
				AfterProcessingInitializeOnLoad (2ms)
				EditorAssembliesLoaded (0ms)
			ExecutionOrderSort2 (0ms)
			AwakeInstancesAfterBackupRestoration (17ms)
Platform modules already initialized, skipping
Refreshing native plugins compatible for Editor in 0.52 ms, found 3 plugins.
Preloading 0 native plugins for Editor in 0.00 ms.
Unloading 2084 Unused Serialized files (Serialized files now loaded: 0)
System memory in use before: 214.0 MB.
System memory in use after: 214.1 MB.

Unloading 14 unused Assets to reduce memory usage. Loaded Objects now: 2658.
Total: 4.060266 ms (FindLiveObjects: 0.343041 ms CreateObjectMapping: 0.076746 ms MarkObjects: 3.614639 ms  DeleteObjects: 0.024629 ms)

AssetImportParameters requested are different than current active one (requested -> active):
  custom:video-decoder-ogg-theora: a1e56fd34408186e4bbccfd4996cb3dc -> 
  custom:container-muxer-webm: aa71ff27fc2769a1b78a27578f13a17b -> 
  custom:container-demuxer-webm: 4f35f7cbe854078d1ac9338744f61a02 -> 
  custom:container-demuxer-ogg: 62fdf1f143b41e24485cea50d1cbac27 -> 
  custom:video-encoder-webm-vp8: eb34c28f22e8b96e1ab97ce403110664 -> 
  custom:framework-osx-AVFoundation: b23960f63f64bdc6ff669e2cdcee2391 -> 
  custom:video-decoder-webm-vp8: 9c59270c3fd7afecdb556c50c9e8de78 -> 
  custom:audio-decoder-ogg-vorbis: bf7c407c2cedff20999df2af8eb42d56 -> 
  custom:audio-encoder-webm-vorbis: bf7c407c2cedff20999df2af8eb42d56 -> 
========================================================================
Received Prepare
Registering precompiled user dll's ...
Registered in 0.001565 seconds.
Begin MonoManager ReloadAssembly
Native extension for OSXStandalone target not found
Refreshing native plugins compatible for Editor in 0.49 ms, found 3 plugins.
Preloading 0 native plugins for Editor in 0.00 ms.
Mono: successfully reloaded assembly
- Completed reload, in  1.929 seconds
Domain Reload Profiling:
	ReloadAssembly (1930ms)
		BeginReloadAssembly (225ms)
			ExecutionOrderSort (0ms)
			DisableScriptedObjects (10ms)
			BackupInstance (0ms)
			ReleaseScriptingObjects (0ms)
			CreateAndSetChildDomain (129ms)
		EndReloadAssembly (1605ms)
			LoadAssemblies (137ms)
			RebuildTransferFunctionScriptingTraits (0ms)
			SetupTypeCache (646ms)
			ReleaseScriptCaches (1ms)
			RebuildScriptCaches (92ms)
			SetupLoadedEditorAssemblies (555ms)
				LogAssemblyErrors (0ms)
				InitializePlatformSupportModulesInManaged (7ms)
				SetLoadedEditorAssemblies (1ms)
				RefreshPlugins (1ms)
				BeforeProcessingInitializeOnLoad (172ms)
				ProcessInitializeOnLoadAttributes (363ms)
				ProcessInitializeOnLoadMethodAttributes (10ms)
				AfterProcessingInitializeOnLoad (2ms)
				EditorAssembliesLoaded (0ms)
			ExecutionOrderSort2 (0ms)
			AwakeInstancesAfterBackupRestoration (17ms)
Platform modules already initialized, skipping
Refreshing native plugins compatible for Editor in 0.70 ms, found 3 plugins.
Preloading 0 native plugins for Editor in 0.00 ms.
Unloading 2084 Unused Serialized files (Serialized files now loaded: 0)
System memory in use before: 214.1 MB.
System memory in use after: 214.2 MB.

Unloading 14 unused Assets to reduce memory usage. Loaded Objects now: 2661.
Total: 4.220243 ms (FindLiveObjects: 0.238015 ms CreateObjectMapping: 0.075310 ms MarkObjects: 3.880894 ms  DeleteObjects: 0.024482 ms)

AssetImportParameters requested are different than current active one (requested -> active):
  custom:video-decoder-ogg-theora: a1e56fd34408186e4bbccfd4996cb3dc -> 
  custom:container-muxer-webm: aa71ff27fc2769a1b78a27578f13a17b -> 
  custom:container-demuxer-webm: 4f35f7cbe854078d1ac9338744f61a02 -> 
  custom:container-demuxer-ogg: 62fdf1f143b41e24485cea50d1cbac27 -> 
  custom:video-encoder-webm-vp8: eb34c28f22e8b96e1ab97ce403110664 -> 
  custom:framework-osx-AVFoundation: b23960f63f64bdc6ff669e2cdcee2391 -> 
  custom:video-decoder-webm-vp8: 9c59270c3fd7afecdb556c50c9e8de78 -> 
  custom:audio-decoder-ogg-vorbis: bf7c407c2cedff20999df2af8eb42d56 -> 
  custom:audio-encoder-webm-vorbis: bf7c407c2cedff20999df2af8eb42d56 -> 
========================================================================
Received Prepare
Registering precompiled user dll's ...
Registered in 0.001610 seconds.
Begin MonoManager ReloadAssembly
Native extension for OSXStandalone target not found
Refreshing native plugins compatible for Editor in 0.49 ms, found 3 plugins.
Preloading 0 native plugins for Editor in 0.00 ms.
Mono: successfully reloaded assembly
- Completed reload, in  1.967 seconds
Domain Reload Profiling:
	ReloadAssembly (1967ms)
		BeginReloadAssembly (191ms)
			ExecutionOrderSort (0ms)
			DisableScriptedObjects (11ms)
			BackupInstance (0ms)
			ReleaseScriptingObjects (0ms)
			CreateAndSetChildDomain (101ms)
		EndReloadAssembly (1516ms)
			LoadAssemblies (143ms)
			RebuildTransferFunctionScriptingTraits (0ms)
			SetupTypeCache (529ms)
			ReleaseScriptCaches (1ms)
			RebuildScriptCaches (91ms)
			SetupLoadedEditorAssemblies (548ms)
				LogAssemblyErrors (0ms)
				InitializePlatformSupportModulesInManaged (8ms)
				SetLoadedEditorAssemblies (1ms)
				RefreshPlugins (1ms)
				BeforeProcessingInitializeOnLoad (188ms)
				ProcessInitializeOnLoadAttributes (338ms)
				ProcessInitializeOnLoadMethodAttributes (10ms)
				AfterProcessingInitializeOnLoad (2ms)
				EditorAssembliesLoaded (0ms)
			ExecutionOrderSort2 (0ms)
			AwakeInstancesAfterBackupRestoration (19ms)
Platform modules already initialized, skipping
Refreshing native plugins compatible for Editor in 0.50 ms, found 3 plugins.
Preloading 0 native plugins for Editor in 0.00 ms.
Unloading 2084 Unused Serialized files (Serialized files now loaded: 0)
System memory in use before: 214.4 MB.
System memory in use after: 214.5 MB.

Unloading 14 unused Assets to reduce memory usage. Loaded Objects now: 2664.
Total: 3.757745 ms (FindLiveObjects: 0.252777 ms CreateObjectMapping: 0.079007 ms MarkObjects: 3.401421 ms  DeleteObjects: 0.022822 ms)

AssetImportParameters requested are different than current active one (requested -> active):
  custom:video-decoder-ogg-theora: a1e56fd34408186e4bbccfd4996cb3dc -> 
  custom:container-muxer-webm: aa71ff27fc2769a1b78a27578f13a17b -> 
  custom:container-demuxer-webm: 4f35f7cbe854078d1ac9338744f61a02 -> 
  custom:container-demuxer-ogg: 62fdf1f143b41e24485cea50d1cbac27 -> 
  custom:video-encoder-webm-vp8: eb34c28f22e8b96e1ab97ce403110664 -> 
  custom:framework-osx-AVFoundation: b23960f63f64bdc6ff669e2cdcee2391 -> 
  custom:video-decoder-webm-vp8: 9c59270c3fd7afecdb556c50c9e8de78 -> 
  custom:audio-decoder-ogg-vorbis: bf7c407c2cedff20999df2af8eb42d56 -> 
  custom:audio-encoder-webm-vorbis: bf7c407c2cedff20999df2af8eb42d56 -> 
========================================================================
Received Import Request.
  Time since last request: 297.331967 seconds.
  path: Assets/Scripts/HookLine.cs
  artifactKey: Guid(6a1a807e05e1e4bb6ac8a0684efb692e) Importer(815301076,1909f56bfc062723c751e8b465ee728b)
Start importing Assets/Scripts/HookLine.cs using Guid(6a1a807e05e1e4bb6ac8a0684efb692e) Importer(815301076,1909f56bfc062723c751e8b465ee728b)  -> (artifact id: 'c5d8afe4a269bf54cf56918d70d42eda') in 0.011115 seconds 
  Import took 0.016071 seconds .

========================================================================
Received Prepare
Registering precompiled user dll's ...
Registered in 0.001744 seconds.
Begin MonoManager ReloadAssembly
Native extension for OSXStandalone target not found
Refreshing native plugins compatible for Editor in 0.48 ms, found 3 plugins.
Preloading 0 native plugins for Editor in 0.00 ms.
Mono: successfully reloaded assembly
- Completed reload, in  1.819 seconds
Domain Reload Profiling:
	ReloadAssembly (1819ms)
		BeginReloadAssembly (216ms)
			ExecutionOrderSort (0ms)
			DisableScriptedObjects (11ms)
			BackupInstance (0ms)
			ReleaseScriptingObjects (0ms)
			CreateAndSetChildDomain (108ms)
		EndReloadAssembly (1496ms)
			LoadAssemblies (143ms)
			RebuildTransferFunctionScriptingTraits (0ms)
			SetupTypeCache (511ms)
			ReleaseScriptCaches (1ms)
			RebuildScriptCaches (84ms)
			SetupLoadedEditorAssemblies (577ms)
				LogAssemblyErrors (0ms)
				InitializePlatformSupportModulesInManaged (8ms)
				SetLoadedEditorAssemblies (1ms)
				RefreshPlugins (1ms)
				BeforeProcessingInitializeOnLoad (171ms)
				ProcessInitializeOnLoadAttributes (385ms)
				ProcessInitializeOnLoadMethodAttributes (11ms)
				AfterProcessingInitializeOnLoad (2ms)
				EditorAssembliesLoaded (0ms)
			ExecutionOrderSort2 (0ms)
			AwakeInstancesAfterBackupRestoration (21ms)
Platform modules already initialized, skipping
Refreshing native plugins compatible for Editor in 0.50 ms, found 3 plugins.
Preloading 0 native plugins for Editor in 0.00 ms.
Unloading 2084 Unused Serialized files (Serialized files now loaded: 0)
System memory in use before: 214.6 MB.
System memory in use after: 214.7 MB.

Unloading 14 unused Assets to reduce memory usage. Loaded Objects now: 2667.
Total: 3.890383 ms (FindLiveObjects: 0.274279 ms CreateObjectMapping: 0.089329 ms MarkObjects: 3.506052 ms  DeleteObjects: 0.019424 ms)

AssetImportParameters requested are different than current active one (requested -> active):
  custom:video-decoder-ogg-theora: a1e56fd34408186e4bbccfd4996cb3dc -> 
  custom:container-muxer-webm: aa71ff27fc2769a1b78a27578f13a17b -> 
  custom:container-demuxer-webm: 4f35f7cbe854078d1ac9338744f61a02 -> 
  custom:container-demuxer-ogg: 62fdf1f143b41e24485cea50d1cbac27 -> 
  custom:video-encoder-webm-vp8: eb34c28f22e8b96e1ab97ce403110664 -> 
  custom:framework-osx-AVFoundation: b23960f63f64bdc6ff669e2cdcee2391 -> 
  custom:video-decoder-webm-vp8: 9c59270c3fd7afecdb556c50c9e8de78 -> 
  custom:audio-decoder-ogg-vorbis: bf7c407c2cedff20999df2af8eb42d56 -> 
  custom:audio-encoder-webm-vorbis: bf7c407c2cedff20999df2af8eb42d56 -> 
